[0330/212805.619:ERROR:process_memory_win.cc(73)] ReadMemory at 0x7ff60d970000 of 64 bytes failed: Only part of a ReadProcessMemory or WriteProcessMemory request was completed. (0x12B)
[0330/212805.620:WARNING:pe_image_reader.cc(340)] could not read dos header from C:\Program Files (x86)\Google\Chrome\Application\chrome.exe
[0330/212805.621:ERROR:process_memory_win.cc(73)] ReadMemory at 0x7ffbd67c0000 of 64 bytes failed: Only part of a ReadProcessMemory or WriteProcessMemory request was completed. (0x12B)
[0330/212805.621:WARNING:pe_image_reader.cc(340)] could not read dos header from C:\WINDOWS\SYSTEM32\ntdll.dll
[0330/212805.621:ERROR:process_memory_win.cc(73)] ReadMemory at 0x7ffbd5950000 of 64 bytes failed: Only part of a ReadProcessMemory or WriteProcessMemory request was completed. (0x12B)
[0330/212805.621:WARNING:pe_image_reader.cc(340)] could not read dos header from C:\WINDOWS\System32\KERNEL32.DLL
[0330/212805.621:ERROR:process_memory_win.cc(73)] ReadMemory at 0x7ffbd3f80000 of 64 bytes failed: Only part of a ReadProcessMemory or WriteProcessMemory request was completed. (0x12B)
[0330/212805.621:WARNING:pe_image_reader.cc(340)] could not read dos header from C:\WINDOWS\System32\KERNELBASE.dll
[0330/212805.621:ERROR:process_memory_win.cc(73)] ReadMemory at 0x7ffb8f040000 of 64 bytes failed: Only part of a ReadProcessMemory or WriteProcessMemory request was completed. (0x12B)
[0330/212805.621:WARNING:pe_image_reader.cc(340)] could not read dos header from C:\Program Files (x86)\Google\Chrome\Application\80.0.3987.149\chrome_elf.dll
[0330/212805.621:ERROR:process_memory_win.cc(73)] ReadMemory at 0x7ffbcb350000 of 64 bytes failed: Only part of a ReadProcessMemory or WriteProcessMemory request was completed. (0x12B)
[0330/212805.621:WARNING:pe_image_reader.cc(340)] could not read dos header from C:\WINDOWS\SYSTEM32\VERSION.dll
[0330/212805.621:ERROR:process_memory_win.cc(73)] ReadMemory at 0x7ffbd4990000 of 64 bytes failed: Only part of a ReadProcessMemory or WriteProcessMemory request was completed. (0x12B)
[0330/212805.622:WARNING:pe_image_reader.cc(340)] could not read dos header from C:\WINDOWS\System32\msvcrt.dll
[0330/212805.622:ERROR:process_memory_win.cc(73)] ReadMemory at 0x7ffbd4260000 of 64 bytes failed: Only part of a ReadProcessMemory or WriteProcessMemory request was completed. (0x12B)
[0330/212805.622:WARNING:pe_image_reader.cc(340)] could not read dos header from C:\WINDOWS\System32\bcryptPrimitives.dll
[0330/212805.622:ERROR:process_memory_win.cc(73)] ReadMemory at 0x7ffbd66d0000 of 64 bytes failed: Only part of a ReadProcessMemory or WriteProcessMemory request was completed. (0x12B)
[0330/212805.622:WARNING:pe_image_reader.cc(340)] could not read dos header from C:\WINDOWS\System32\ADVAPI32.dll
[0330/212805.622:ERROR:process_memory_win.cc(73)] ReadMemory at 0x7ffbd65c0000 of 64 bytes failed: Only part of a ReadProcessMemory or WriteProcessMemory request was completed. (0x12B)
[0330/212805.622:WARNING:pe_image_reader.cc(340)] could not read dos header from C:\WINDOWS\System32\sechost.dll
[0330/212805.622:ERROR:process_memory_win.cc(73)] ReadMemory at 0x7ffbd4870000 of 64 bytes failed: Only part of a ReadProcessMemory or WriteProcessMemory request was completed. (0x12B)
[0330/212805.622:WARNING:pe_image_reader.cc(340)] could not read dos header from C:\WINDOWS\System32\RPCRT4.dll
[0330/212805.622:ERROR:process_memory_win.cc(73)] ReadMemory at 0x7ffb5e2e0000 of 64 bytes failed: Only part of a ReadProcessMemory or WriteProcessMemory request was completed. (0x12B)
[0330/212805.622:WARNING:pe_image_reader.cc(340)] could not read dos header from C:\Program Files (x86)\Google\Chrome\Application\80.0.3987.149\chrome.dll
[0330/212805.622:ERROR:process_memory_win.cc(73)] ReadMemory at 0x7ffbd6660000 of 64 bytes failed: Only part of a ReadProcessMemory or WriteProcessMemory request was completed. (0x12B)
[0330/212805.622:WARNING:pe_image_reader.cc(340)] could not read dos header from C:\WINDOWS\System32\WS2_32.dll
[0330/212805.622:ERROR:process_memory_win.cc(73)] ReadMemory at 0x7ffbd5db0000 of 64 bytes failed: Only part of a ReadProcessMemory or WriteProcessMemory request was completed. (0x12B)
[0330/212805.622:WARNING:pe_image_reader.cc(340)] could not read dos header from C:\WINDOWS\System32\OLEAUT32.dll
[0330/212805.622:ERROR:process_memory_win.cc(73)] ReadMemory at 0x7ffbd42e0000 of 64 bytes failed: Only part of a ReadProcessMemory or WriteProcessMemory request was completed. (0x12B)
[0330/212805.622:WARNING:pe_image_reader.cc(340)] could not read dos header from C:\WINDOWS\System32\msvcp_win.dll
[0330/212805.622:ERROR:process_memory_win.cc(73)] ReadMemory at 0x7ffbd4770000 of 64 bytes failed: Only part of a ReadProcessMemory or WriteProcessMemory request was completed. (0x12B)
[0330/212805.623:WARNING:pe_image_reader.cc(340)] could not read dos header from C:\WINDOWS\System32\ucrtbase.dll
[0330/212805.623:ERROR:process_memory_win.cc(73)] ReadMemory at 0x7ffbd5610000 of 64 bytes failed: Only part of a ReadProcessMemory or WriteProcessMemory request was completed. (0x12B)
[0330/212805.623:WARNING:pe_image_reader.cc(340)] could not read dos header from C:\WINDOWS\System32\combase.dll
[0330/212805.623:ERROR:process_memory_win.cc(73)] ReadMemory at 0x7ffbd3f20000 of 64 bytes failed: Only part of a ReadProcessMemory or WriteProcessMemory request was completed. (0x12B)
[0330/212805.623:WARNING:pe_image_reader.cc(340)] could not read dos header from C:\WINDOWS\System32\WINTRUST.dll
[0330/212805.623:ERROR:process_memory_win.cc(73)] ReadMemory at 0x7ffbd36e0000 of 64 bytes failed: Only part of a ReadProcessMemory or WriteProcessMemory request was completed. (0x12B)
[0330/212805.623:WARNING:pe_image_reader.cc(340)] could not read dos header from C:\WINDOWS\System32\MSASN1.dll
[0330/212805.623:ERROR:process_memory_win.cc(73)] ReadMemory at 0x7ffbd43a0000 of 64 bytes failed: Only part of a ReadProcessMemory or WriteProcessMemory request was completed. (0x12B)
[0330/212805.624:WARNING:pe_image_reader.cc(340)] could not read dos header from C:\WINDOWS\System32\CRYPT32.dll
[0330/212805.624:ERROR:process_memory_win.cc(73)] ReadMemory at 0x7ffbd2ba0000 of 64 bytes failed: Only part of a ReadProcessMemory or WriteProcessMemory request was completed. (0x12B)
[0330/212805.624:WARNING:pe_image_reader.cc(340)] could not read dos header from C:\WINDOWS\SYSTEM32\IPHLPAPI.DLL
[0330/212805.624:ERROR:process_memory_win.cc(73)] ReadMemory at 0x7ffbd1370000 of 64 bytes failed: Only part of a ReadProcessMemory or WriteProcessMemory request was completed. (0x12B)
[0330/212805.625:WARNING:pe_image_reader.cc(340)] could not read dos header from C:\WINDOWS\SYSTEM32\WINMM.dll
[0330/212805.625:ERROR:process_memory_win.cc(73)] ReadMemory at 0x7ffbc1de0000 of 64 bytes failed: Only part of a ReadProcessMemory or WriteProcessMemory request was completed. (0x12B)
[0330/212805.625:WARNING:pe_image_reader.cc(340)] could not read dos header from C:\WINDOWS\SYSTEM32\Secur32.dll
[0330/212805.625:ERROR:process_memory_win.cc(73)] ReadMemory at 0x7ffbd3570000 of 64 bytes failed: Only part of a ReadProcessMemory or WriteProcessMemory request was completed. (0x12B)
[0330/212805.625:WARNING:pe_image_reader.cc(340)] could not read dos header from C:\WINDOWS\SYSTEM32\USERENV.dll
[0330/212805.625:ERROR:process_memory_win.cc(73)] ReadMemory at 0x7ffbd3690000 of 64 bytes failed: Only part of a ReadProcessMemory or WriteProcessMemory request was completed. (0x12B)
[0330/212805.625:WARNING:pe_image_reader.cc(340)] could not read dos header from C:\WINDOWS\System32\profapi.dll
[0330/212805.625:ERROR:process_memory_win.cc(73)] ReadMemory at 0x7ffba8bb0000 of 64 bytes failed: Only part of a ReadProcessMemory or WriteProcessMemory request was completed. (0x12B)
[0330/212805.625:WARNING:pe_image_reader.cc(340)] could not read dos header from C:\WINDOWS\SYSTEM32\UIAutomationCore.DLL
[0330/212805.626:ERROR:process_memory_win.cc(73)] ReadMemory at 0x7ffbc1fb0000 of 64 bytes failed: Only part of a ReadProcessMemory or WriteProcessMemory request was completed. (0x12B)
[0330/212805.626:WARNING:pe_image_reader.cc(340)] could not read dos header from C:\WINDOWS\SYSTEM32\DWrite.dll
[0330/212805.626:ERROR:process_memory_win.cc(73)] ReadMemory at 0x7ffbc0220000 of 64 bytes failed: Only part of a ReadProcessMemory or WriteProcessMemory request was completed. (0x12B)
[0330/212805.626:WARNING:pe_image_reader.cc(340)] could not read dos header from C:\WINDOWS\SYSTEM32\WINSPOOL.DRV
[0330/212805.626:ERROR:process_memory_win.cc(73)] ReadMemory at 0x7ffbd36c0000 of 64 bytes failed: Only part of a ReadProcessMemory or WriteProcessMemory request was completed. (0x12B)
[0330/212805.626:WARNING:pe_image_reader.cc(340)] could not read dos header from C:\WINDOWS\System32\kernel.appcore.dll
[0330/212805.626:ERROR:process_memory_win.cc(73)] ReadMemory at 0x7ffbd4230000 of 64 bytes failed: Only part of a ReadProcessMemory or WriteProcessMemory request was completed. (0x12B)
[0330/212805.626:WARNING:pe_image_reader.cc(340)] could not read dos header from C:\WINDOWS\System32\bcrypt.dll
[0330/212805.626:ERROR:process_memory_win.cc(73)] ReadMemory at 0x7ffbbfe60000 of 64 bytes failed: Only part of a ReadProcessMemory or WriteProcessMemory request was completed. (0x12B)
[0330/212805.626:WARNING:pe_image_reader.cc(340)] could not read dos header from C:\WINDOWS\SYSTEM32\dbghelp.dll
[0330/212805.626:ERROR:process_memory_win.cc(73)] ReadMemory at 0x7ffbc9390000 of 64 bytes failed: Only part of a ReadProcessMemory or WriteProcessMemory request was completed. (0x12B)
[0330/212805.626:WARNING:pe_image_reader.cc(340)] could not read dos header from C:\WINDOWS\SYSTEM32\WINHTTP.dll
[0330/212805.626:ERROR:process_memory_win.cc(73)] ReadMemory at 0x7ffbcb4e0000 of 64 bytes failed: Only part of a ReadProcessMemory or WriteProcessMemory request was completed. (0x12B)
[0330/212805.626:WARNING:pe_image_reader.cc(340)] could not read dos header from C:\WINDOWS\SYSTEM32\dhcpcsvc.DLL
[0330/212805.626:ERROR:process_memory_win.cc(73)] ReadMemory at 0x7ffbd4a30000 of 64 bytes failed: Only part of a ReadProcessMemory or WriteProcessMemory request was completed. (0x12B)
[0330/212805.626:WARNING:pe_image_reader.cc(340)] could not read dos header from C:\WINDOWS\System32\NSI.dll
[0330/212805.626:ERROR:process_memory_win.cc(73)] ReadMemory at 0x7ffbd1340000 of 64 bytes failed: Only part of a ReadProcessMemory or WriteProcessMemory request was completed. (0x12B)
[0330/212805.627:WARNING:pe_image_reader.cc(340)] could not read dos header from C:\WINDOWS\SYSTEM32\WINMMBASE.dll
[0330/212805.627:ERROR:process_memory_win.cc(73)] ReadMemory at 0x7ffbd3750000 of 64 bytes failed: Only part of a ReadProcessMemory or WriteProcessMemory request was completed. (0x12B)
[0330/212805.627:WARNING:pe_image_reader.cc(340)] could not read dos header from C:\WINDOWS\System32\cfgmgr32.dll
[0330/212805.627:ERROR:process_memory_win.cc(73)] ReadMemory at 0x7ffbd0630000 of 64 bytes failed: Only part of a ReadProcessMemory or WriteProcessMemory request was completed. (0x12B)
[0330/212805.627:WARNING:pe_image_reader.cc(340)] could not read dos header from C:\WINDOWS\SYSTEM32\PROPSYS.dll
[0330/212805.627:ERROR:process_memory_win.cc(73)] ReadMemory at 0x7ffbd4d90000 of 64 bytes failed: Only part of a ReadProcessMemory or WriteProcessMemory request was completed. (0x12B)
[0330/212805.627:WARNING:pe_image_reader.cc(340)] could not read dos header from C:\WINDOWS\System32\shcore.dll
[0330/212805.627:ERROR:process_memory_win.cc(73)] ReadMemory at 0x7ffbd35a0000 of 64 bytes failed: Only part of a ReadProcessMemory or WriteProcessMemory request was completed. (0x12B)
[0330/212805.627:WARNING:pe_image_reader.cc(340)] could not read dos header from C:\WINDOWS\SYSTEM32\SSPICLI.DLL
[0330/212805.627:ERROR:process_memory_win.cc(73)] ReadMemory at 0x7ffbd4ce0000 of 64 bytes failed: Only part of a ReadProcessMemory or WriteProcessMemory request was completed. (0x12B)
[0330/212805.627:WARNING:pe_image_reader.cc(340)] could not read dos header from C:\WINDOWS\System32\GDI32.dll
[0330/212805.627:ERROR:process_memory_win.cc(73)] ReadMemory at 0x7ffbd44f0000 of 64 bytes failed: Only part of a ReadProcessMemory or WriteProcessMemory request was completed. (0x12B)
[0330/212805.627:WARNING:pe_image_reader.cc(340)] could not read dos header from C:\WINDOWS\System32\win32u.dll
[0330/212805.627:ERROR:process_memory_win.cc(73)] ReadMemory at 0x7ffbd4520000 of 64 bytes failed: Only part of a ReadProcessMemory or WriteProcessMemory request was completed. (0x12B)
[0330/212805.627:WARNING:pe_image_reader.cc(340)] could not read dos header from C:\WINDOWS\System32\gdi32full.dll
[0330/212805.628:ERROR:process_memory_win.cc(73)] ReadMemory at 0x7ffbd5ee0000 of 64 bytes failed: Only part of a ReadProcessMemory or WriteProcessMemory request was completed. (0x12B)
[0330/212805.628:WARNING:pe_image_reader.cc(340)] could not read dos header from C:\WINDOWS\System32\USER32.dll
[0330/212805.628:ERROR:process_memory_win.cc(73)] ReadMemory at 0x7ffbd5ca0000 of 64 bytes failed: Only part of a ReadProcessMemory or WriteProcessMemory request was completed. (0x12B)
[0330/212805.628:WARNING:pe_image_reader.cc(340)] could not read dos header from C:\WINDOWS\System32\IMM32.DLL
[0330/212805.628:ERROR:process_memory_win.cc(73)] ReadMemory at 0x7ffbd4e40000 of 64 bytes failed: Only part of a ReadProcessMemory or WriteProcessMemory request was completed. (0x12B)
[0330/212805.628:WARNING:pe_image_reader.cc(340)] could not read dos header from C:\WINDOWS\System32\SHELL32.dll
[0330/212805.628:ERROR:process_memory_win.cc(73)] ReadMemory at 0x7ffbd37a0000 of 64 bytes failed: Only part of a ReadProcessMemory or WriteProcessMemory request was completed. (0x12B)
[0330/212805.628:WARNING:pe_image_reader.cc(340)] could not read dos header from C:\WINDOWS\System32\windows.storage.dll
[0330/212805.628:ERROR:process_memory_win.cc(73)] ReadMemory at 0x7ffbd3700000 of 64 bytes failed: Only part of a ReadProcessMemory or WriteProcessMemory request was completed. (0x12B)
[0330/212805.628:WARNING:pe_image_reader.cc(340)] could not read dos header from C:\WINDOWS\System32\powrprof.dll
[0330/212805.628:ERROR:process_memory_win.cc(73)] ReadMemory at 0x7ffbd3680000 of 64 bytes failed: Only part of a ReadProcessMemory or WriteProcessMemory request was completed. (0x12B)
[0330/212805.628:WARNING:pe_image_reader.cc(340)] could not read dos header from C:\WINDOWS\System32\UMPDC.dll
[0330/212805.628:ERROR:process_memory_win.cc(73)] ReadMemory at 0x7ffbd55b0000 of 64 bytes failed: Only part of a ReadProcessMemory or WriteProcessMemory request was completed. (0x12B)
[0330/212805.628:WARNING:pe_image_reader.cc(340)] could not read dos header from C:\WINDOWS\System32\shlwapi.dll
[0330/212805.629:ERROR:process_memory_win.cc(73)] ReadMemory at 0x7ffbd4380000 of 64 bytes failed: Only part of a ReadProcessMemory or WriteProcessMemory request was completed. (0x12B)
[0330/212805.629:WARNING:pe_image_reader.cc(340)] could not read dos header from C:\WINDOWS\System32\cryptsp.dll
[0330/212805.629:ERROR:process_memory_win.cc(73)] ReadMemory at 0x7ffbd3060000 of 64 bytes failed: Only part of a ReadProcessMemory or WriteProcessMemory request was completed. (0x12B)
[0330/212805.629:WARNING:pe_image_reader.cc(340)] could not read dos header from C:\WINDOWS\SYSTEM32\CRYPTBASE.DLL
[0330/212805.629:ERROR:process_memory_win.cc(73)] ReadMemory at 0x7ffbcf270000 of 64 bytes failed: Only part of a ReadProcessMemory or WriteProcessMemory request was completed. (0x12B)
[0330/212805.629:WARNING:pe_image_reader.cc(340)] could not read dos header from C:\WINDOWS\system32\NLAapi.dll
[0330/212805.629:ERROR:process_memory_win.cc(73)] ReadMemory at 0x7ffbcb620000 of 64 bytes failed: Only part of a ReadProcessMemory or WriteProcessMemory request was completed. (0x12B)
[0330/212805.629:WARNING:pe_image_reader.cc(340)] could not read dos header from C:\WINDOWS\SYSTEM32\dhcpcsvc6.DLL
[0330/212805.629:ERROR:process_memory_win.cc(73)] ReadMemory at 0x7ffbd2be0000 of 64 bytes failed: Only part of a ReadProcessMemory or WriteProcessMemory request was completed. (0x12B)
[0330/212805.629:WARNING:pe_image_reader.cc(340)] could not read dos header from C:\WINDOWS\SYSTEM32\DNSAPI.dll
[0330/212805.629:ERROR:process_memory_win.cc(73)] ReadMemory at 0x7ffbca8f0000 of 64 bytes failed: Only part of a ReadProcessMemory or WriteProcessMemory request was completed. (0x12B)
[0330/212805.629:WARNING:pe_image_reader.cc(340)] could not read dos header from C:\WINDOWS\SYSTEM32\wlanapi.dll
[0330/212805.629:ERROR:process_memory_win.cc(73)] ReadMemory at 0x7ffbd2e90000 of 64 bytes failed: Only part of a ReadProcessMemory or WriteProcessMemory request was completed. (0x12B)
[0330/212805.629:WARNING:pe_image_reader.cc(340)] could not read dos header from C:\WINDOWS\system32\mswsock.dll
[0330/212805.629:ERROR:process_memory_win.cc(73)] ReadMemory at 0x7ffbc9200000 of 64 bytes failed: Only part of a ReadProcessMemory or WriteProcessMemory request was completed. (0x12B)
[0330/212805.629:WARNING:pe_image_reader.cc(340)] could not read dos header from C:\Windows\System32\rasadhlp.dll
[0330/212805.629:ERROR:process_memory_win.cc(73)] ReadMemory at 0x7ffbca770000 of 64 bytes failed: Only part of a ReadProcessMemory or WriteProcessMemory request was completed. (0x12B)
[0330/212805.629:WARNING:pe_image_reader.cc(340)] could not read dos header from C:\WINDOWS\System32\fwpuclnt.dll
[0330/212805.629:ERROR:process_memory_win.cc(73)] ReadMemory at 0x7ffbd2a00000 of 64 bytes failed: Only part of a ReadProcessMemory or WriteProcessMemory request was completed. (0x12B)
[0330/212805.629:WARNING:pe_image_reader.cc(340)] could not read dos header from C:\WINDOWS\system32\rsaenh.dll
[0330/212805.630:ERROR:process_memory_win.cc(73)] ReadMemory at 0x7ffbd22a0000 of 64 bytes failed: Only part of a ReadProcessMemory or WriteProcessMemory request was completed. (0x12B)
[0330/212805.630:WARNING:pe_image_reader.cc(340)] could not read dos header from C:\WINDOWS\SYSTEM32\gpapi.dll
[0330/212805.630:ERROR:process_memory_win.cc(73)] ReadMemory at 0x7ffbc0300000 of 64 bytes failed: Only part of a ReadProcessMemory or WriteProcessMemory request was completed. (0x12B)
[0330/212805.630:WARNING:pe_image_reader.cc(340)] could not read dos header from C:\Windows\System32\cryptnet.dll
[0330/212805.630:ERROR:process_memory_win.cc(73)] ReadMemory at 0x7ffbd26e0000 of 64 bytes failed: Only part of a ReadProcessMemory or WriteProcessMemory request was completed. (0x12B)
[0330/212805.630:WARNING:pe_image_reader.cc(340)] could not read dos header from C:\WINDOWS\SYSTEM32\ntmarta.dll
[0330/212805.630:ERROR:process_memory_win.cc(73)] ReadMemory at 0x7ff60d970000 of 64 bytes failed: Only part of a ReadProcessMemory or WriteProcessMemory request was completed. (0x12B)
[0330/212805.630:WARNING:pe_image_reader.cc(340)] could not read dos header from C:\Program Files (x86)\Google\Chrome\Application\chrome.exe
[0330/212805.630:ERROR:process_memory_win.cc(73)] ReadMemory at 0x7ffbd67c0000 of 64 bytes failed: Only part of a ReadProcessMemory or WriteProcessMemory request was completed. (0x12B)
[0330/212805.630:WARNING:pe_image_reader.cc(340)] could not read dos header from C:\WINDOWS\SYSTEM32\ntdll.dll
[0330/212805.630:ERROR:process_memory_win.cc(73)] ReadMemory at 0x7ffbd5950000 of 64 bytes failed: Only part of a ReadProcessMemory or WriteProcessMemory request was completed. (0x12B)
[0330/212805.630:WARNING:pe_image_reader.cc(340)] could not read dos header from C:\WINDOWS\System32\KERNEL32.DLL
[0330/212805.630:ERROR:process_memory_win.cc(73)] ReadMemory at 0x7ffbd3f80000 of 64 bytes failed: Only part of a ReadProcessMemory or WriteProcessMemory request was completed. (0x12B)
[0330/212805.630:WARNING:pe_image_reader.cc(340)] could not read dos header from C:\WINDOWS\System32\KERNELBASE.dll
[0330/212805.630:ERROR:process_memory_win.cc(73)] ReadMemory at 0x7ffb8f040000 of 64 bytes failed: Only part of a ReadProcessMemory or WriteProcessMemory request was completed. (0x12B)
[0330/212805.630:WARNING:pe_image_reader.cc(340)] could not read dos header from C:\Program Files (x86)\Google\Chrome\Application\80.0.3987.149\chrome_elf.dll
[0330/212805.630:ERROR:process_memory_win.cc(73)] ReadMemory at 0x7ffbcb350000 of 64 bytes failed: Only part of a ReadProcessMemory or WriteProcessMemory request was completed. (0x12B)
[0330/212805.630:WARNING:pe_image_reader.cc(340)] could not read dos header from C:\WINDOWS\SYSTEM32\VERSION.dll
[0330/212805.630:ERROR:process_memory_win.cc(73)] ReadMemory at 0x7ffbd4990000 of 64 bytes failed: Only part of a ReadProcessMemory or WriteProcessMemory request was completed. (0x12B)
[0330/212805.630:WARNING:pe_image_reader.cc(340)] could not read dos header from C:\WINDOWS\System32\msvcrt.dll
[0330/212805.630:ERROR:process_memory_win.cc(73)] ReadMemory at 0x7ffbd4260000 of 64 bytes failed: Only part of a ReadProcessMemory or WriteProcessMemory request was completed. (0x12B)
[0330/212805.630:WARNING:pe_image_reader.cc(340)] could not read dos header from C:\WINDOWS\System32\bcryptPrimitives.dll
[0330/212805.631:ERROR:process_memory_win.cc(73)] ReadMemory at 0x7ffbd66d0000 of 64 bytes failed: Only part of a ReadProcessMemory or WriteProcessMemory request was completed. (0x12B)
[0330/212805.631:WARNING:pe_image_reader.cc(340)] could not read dos header from C:\WINDOWS\System32\ADVAPI32.dll
[0330/212805.631:ERROR:process_memory_win.cc(73)] ReadMemory at 0x7ffbd65c0000 of 64 bytes failed: Only part of a ReadProcessMemory or WriteProcessMemory request was completed. (0x12B)
[0330/212805.631:WARNING:pe_image_reader.cc(340)] could not read dos header from C:\WINDOWS\System32\sechost.dll
[0330/212805.631:ERROR:process_memory_win.cc(73)] ReadMemory at 0x7ffbd4870000 of 64 bytes failed: Only part of a ReadProcessMemory or WriteProcessMemory request was completed. (0x12B)
[0330/212805.631:WARNING:pe_image_reader.cc(340)] could not read dos header from C:\WINDOWS\System32\RPCRT4.dll
[0330/212805.631:ERROR:process_memory_win.cc(73)] ReadMemory at 0x7ffb5e2e0000 of 64 bytes failed: Only part of a ReadProcessMemory or WriteProcessMemory request was completed. (0x12B)
[0330/212805.631:WARNING:pe_image_reader.cc(340)] could not read dos header from C:\Program Files (x86)\Google\Chrome\Application\80.0.3987.149\chrome.dll
[0330/212805.631:ERROR:process_memory_win.cc(73)] ReadMemory at 0x7ffbd6660000 of 64 bytes failed: Only part of a ReadProcessMemory or WriteProcessMemory request was completed. (0x12B)
[0330/212805.631:WARNING:pe_image_reader.cc(340)] could not read dos header from C:\WINDOWS\System32\WS2_32.dll
[0330/212805.631:ERROR:process_memory_win.cc(73)] ReadMemory at 0x7ffbd5db0000 of 64 bytes failed: Only part of a ReadProcessMemory or WriteProcessMemory request was completed. (0x12B)
[0330/212805.631:WARNING:pe_image_reader.cc(340)] could not read dos header from C:\WINDOWS\System32\OLEAUT32.dll
[0330/212805.631:ERROR:process_memory_win.cc(73)] ReadMemory at 0x7ffbd42e0000 of 64 bytes failed: Only part of a ReadProcessMemory or WriteProcessMemory request was completed. (0x12B)
[0330/212805.631:WARNING:pe_image_reader.cc(340)] could not read dos header from C:\WINDOWS\System32\msvcp_win.dll
[0330/212805.631:ERROR:process_memory_win.cc(73)] ReadMemory at 0x7ffbd4770000 of 64 bytes failed: Only part of a ReadProcessMemory or WriteProcessMemory request was completed. (0x12B)
[0330/212805.631:WARNING:pe_image_reader.cc(340)] could not read dos header from C:\WINDOWS\System32\ucrtbase.dll
[0330/212805.631:ERROR:process_memory_win.cc(73)] ReadMemory at 0x7ffbd5610000 of 64 bytes failed: Only part of a ReadProcessMemory or WriteProcessMemory request was completed. (0x12B)
[0330/212805.631:WARNING:pe_image_reader.cc(340)] could not read dos header from C:\WINDOWS\System32\combase.dll
[0330/212805.631:ERROR:process_memory_win.cc(73)] ReadMemory at 0x7ffbd3f20000 of 64 bytes failed: Only part of a ReadProcessMemory or WriteProcessMemory request was completed. (0x12B)
[0330/212805.631:WARNING:pe_image_reader.cc(340)] could not read dos header from C:\WINDOWS\System32\WINTRUST.dll
[0330/212805.631:ERROR:process_memory_win.cc(73)] ReadMemory at 0x7ffbd36e0000 of 64 bytes failed: Only part of a ReadProcessMemory or WriteProcessMemory request was completed. (0x12B)
[0330/212805.631:WARNING:pe_image_reader.cc(340)] could not read dos header from C:\WINDOWS\System32\MSASN1.dll
[0330/212805.632:ERROR:process_memory_win.cc(73)] ReadMemory at 0x7ffbd43a0000 of 64 bytes failed: Only part of a ReadProcessMemory or WriteProcessMemory request was completed. (0x12B)
[0330/212805.632:WARNING:pe_image_reader.cc(340)] could not read dos header from C:\WINDOWS\System32\CRYPT32.dll
[0330/212805.632:ERROR:process_memory_win.cc(73)] ReadMemory at 0x7ffbd2ba0000 of 64 bytes failed: Only part of a ReadProcessMemory or WriteProcessMemory request was completed. (0x12B)
[0330/212805.632:WARNING:pe_image_reader.cc(340)] could not read dos header from C:\WINDOWS\SYSTEM32\IPHLPAPI.DLL
[0330/212805.632:ERROR:process_memory_win.cc(73)] ReadMemory at 0x7ffbd1370000 of 64 bytes failed: Only part of a ReadProcessMemory or WriteProcessMemory request was completed. (0x12B)
[0330/212805.632:WARNING:pe_image_reader.cc(340)] could not read dos header from C:\WINDOWS\SYSTEM32\WINMM.dll
[0330/212805.632:ERROR:process_memory_win.cc(73)] ReadMemory at 0x7ffbc1de0000 of 64 bytes failed: Only part of a ReadProcessMemory or WriteProcessMemory request was completed. (0x12B)
[0330/212805.632:WARNING:pe_image_reader.cc(340)] could not read dos header from C:\WINDOWS\SYSTEM32\Secur32.dll
[0330/212805.632:ERROR:process_memory_win.cc(73)] ReadMemory at 0x7ffbd3570000 of 64 bytes failed: Only part of a ReadProcessMemory or WriteProcessMemory request was completed. (0x12B)
[0330/212805.632:WARNING:pe_image_reader.cc(340)] could not read dos header from C:\WINDOWS\SYSTEM32\USERENV.dll
[0330/212805.632:ERROR:process_memory_win.cc(73)] ReadMemory at 0x7ffbd3690000 of 64 bytes failed: Only part of a ReadProcessMemory or WriteProcessMemory request was completed. (0x12B)
[0330/212805.632:WARNING:pe_image_reader.cc(340)] could not read dos header from C:\WINDOWS\System32\profapi.dll
[0330/212805.632:ERROR:process_memory_win.cc(73)] ReadMemory at 0x7ffba8bb0000 of 64 bytes failed: Only part of a ReadProcessMemory or WriteProcessMemory request was completed. (0x12B)
[0330/212805.632:WARNING:pe_image_reader.cc(340)] could not read dos header from C:\WINDOWS\SYSTEM32\UIAutomationCore.DLL
[0330/212805.632:ERROR:process_memory_win.cc(73)] ReadMemory at 0x7ffbc1fb0000 of 64 bytes failed: Only part of a ReadProcessMemory or WriteProcessMemory request was completed. (0x12B)
[0330/212805.632:WARNING:pe_image_reader.cc(340)] could not read dos header from C:\WINDOWS\SYSTEM32\DWrite.dll
[0330/212805.632:ERROR:process_memory_win.cc(73)] ReadMemory at 0x7ffbc0220000 of 64 bytes failed: Only part of a ReadProcessMemory or WriteProcessMemory request was completed. (0x12B)
[0330/212805.632:WARNING:pe_image_reader.cc(340)] could not read dos header from C:\WINDOWS\SYSTEM32\WINSPOOL.DRV
[0330/212805.632:ERROR:process_memory_win.cc(73)] ReadMemory at 0x7ffbd36c0000 of 64 bytes failed: Only part of a ReadProcessMemory or WriteProcessMemory request was completed. (0x12B)
[0330/212805.632:WARNING:pe_image_reader.cc(340)] could not read dos header from C:\WINDOWS\System32\kernel.appcore.dll
[0330/212805.632:ERROR:process_memory_win.cc(73)] ReadMemory at 0x7ffbd4230000 of 64 bytes failed: Only part of a ReadProcessMemory or WriteProcessMemory request was completed. (0x12B)
[0330/212805.632:WARNING:pe_image_reader.cc(340)] could not read dos header from C:\WINDOWS\System32\bcrypt.dll
[0330/212805.633:ERROR:process_memory_win.cc(73)] ReadMemory at 0x7ffbbfe60000 of 64 bytes failed: Only part of a ReadProcessMemory or WriteProcessMemory request was completed. (0x12B)
[0330/212805.633:WARNING:pe_image_reader.cc(340)] could not read dos header from C:\WINDOWS\SYSTEM32\dbghelp.dll
[0330/212805.633:ERROR:process_memory_win.cc(73)] ReadMemory at 0x7ffbc9390000 of 64 bytes failed: Only part of a ReadProcessMemory or WriteProcessMemory request was completed. (0x12B)
[0330/212805.633:WARNING:pe_image_reader.cc(340)] could not read dos header from C:\WINDOWS\SYSTEM32\WINHTTP.dll
[0330/212805.633:ERROR:process_memory_win.cc(73)] ReadMemory at 0x7ffbcb4e0000 of 64 bytes failed: Only part of a ReadProcessMemory or WriteProcessMemory request was completed. (0x12B)
[0330/212805.633:WARNING:pe_image_reader.cc(340)] could not read dos header from C:\WINDOWS\SYSTEM32\dhcpcsvc.DLL
[0330/212805.633:ERROR:process_memory_win.cc(73)] ReadMemory at 0x7ffbd4a30000 of 64 bytes failed: Only part of a ReadProcessMemory or WriteProcessMemory request was completed. (0x12B)
[0330/212805.633:WARNING:pe_image_reader.cc(340)] could not read dos header from C:\WINDOWS\System32\NSI.dll
[0330/212805.633:ERROR:process_memory_win.cc(73)] ReadMemory at 0x7ffbd1340000 of 64 bytes failed: Only part of a ReadProcessMemory or WriteProcessMemory request was completed. (0x12B)
[0330/212805.633:WARNING:pe_image_reader.cc(340)] could not read dos header from C:\WINDOWS\SYSTEM32\WINMMBASE.dll
[0330/212805.633:ERROR:process_memory_win.cc(73)] ReadMemory at 0x7ffbd3750000 of 64 bytes failed: Only part of a ReadProcessMemory or WriteProcessMemory request was completed. (0x12B)
[0330/212805.633:WARNING:pe_image_reader.cc(340)] could not read dos header from C:\WINDOWS\System32\cfgmgr32.dll
[0330/212805.633:ERROR:process_memory_win.cc(73)] ReadMemory at 0x7ffbd0630000 of 64 bytes failed: Only part of a ReadProcessMemory or WriteProcessMemory request was completed. (0x12B)
[0330/212805.633:WARNING:pe_image_reader.cc(340)] could not read dos header from C:\WINDOWS\SYSTEM32\PROPSYS.dll
[0330/212805.633:ERROR:process_memory_win.cc(73)] ReadMemory at 0x7ffbd4d90000 of 64 bytes failed: Only part of a ReadProcessMemory or WriteProcessMemory request was completed. (0x12B)
[0330/212805.633:WARNING:pe_image_reader.cc(340)] could not read dos header from C:\WINDOWS\System32\shcore.dll
[0330/212805.633:ERROR:process_memory_win.cc(73)] ReadMemory at 0x7ffbd35a0000 of 64 bytes failed: Only part of a ReadProcessMemory or WriteProcessMemory request was completed. (0x12B)
[0330/212805.633:WARNING:pe_image_reader.cc(340)] could not read dos header from C:\WINDOWS\SYSTEM32\SSPICLI.DLL
[0330/212805.633:ERROR:process_memory_win.cc(73)] ReadMemory at 0x7ffbd4ce0000 of 64 bytes failed: Only part of a ReadProcessMemory or WriteProcessMemory request was completed. (0x12B)
[0330/212805.633:WARNING:pe_image_reader.cc(340)] could not read dos header from C:\WINDOWS\System32\GDI32.dll
[0330/212805.633:ERROR:process_memory_win.cc(73)] ReadMemory at 0x7ffbd44f0000 of 64 bytes failed: Only part of a ReadProcessMemory or WriteProcessMemory request was completed. (0x12B)
[0330/212805.633:WARNING:pe_image_reader.cc(340)] could not read dos header from C:\WINDOWS\System32\win32u.dll
[0330/212805.633:ERROR:process_memory_win.cc(73)] ReadMemory at 0x7ffbd4520000 of 64 bytes failed: Only part of a ReadProcessMemory or WriteProcessMemory request was completed. (0x12B)
[0330/212805.634:WARNING:pe_image_reader.cc(340)] could not read dos header from C:\WINDOWS\System32\gdi32full.dll
[0330/212805.634:ERROR:process_memory_win.cc(73)] ReadMemory at 0x7ffbd5ee0000 of 64 bytes failed: Only part of a ReadProcessMemory or WriteProcessMemory request was completed. (0x12B)
[0330/212805.634:WARNING:pe_image_reader.cc(340)] could not read dos header from C:\WINDOWS\System32\USER32.dll
[0330/212805.634:ERROR:process_memory_win.cc(73)] ReadMemory at 0x7ffbd5ca0000 of 64 bytes failed: Only part of a ReadProcessMemory or WriteProcessMemory request was completed. (0x12B)
[0330/212805.634:WARNING:pe_image_reader.cc(340)] could not read dos header from C:\WINDOWS\System32\IMM32.DLL
[0330/212805.634:ERROR:process_memory_win.cc(73)] ReadMemory at 0x7ffbd4e40000 of 64 bytes failed: Only part of a ReadProcessMemory or WriteProcessMemory request was completed. (0x12B)
[0330/212805.634:WARNING:pe_image_reader.cc(340)] could not read dos header from C:\WINDOWS\System32\SHELL32.dll
[0330/212805.634:ERROR:process_memory_win.cc(73)] ReadMemory at 0x7ffbd37a0000 of 64 bytes failed: Only part of a ReadProcessMemory or WriteProcessMemory request was completed. (0x12B)
[0330/212805.634:WARNING:pe_image_reader.cc(340)] could not read dos header from C:\WINDOWS\System32\windows.storage.dll
[0330/212805.634:ERROR:process_memory_win.cc(73)] ReadMemory at 0x7ffbd3700000 of 64 bytes failed: Only part of a ReadProcessMemory or WriteProcessMemory request was completed. (0x12B)
[0330/212805.634:WARNING:pe_image_reader.cc(340)] could not read dos header from C:\WINDOWS\System32\powrprof.dll
[0330/212805.634:ERROR:process_memory_win.cc(73)] ReadMemory at 0x7ffbd3680000 of 64 bytes failed: Only part of a ReadProcessMemory or WriteProcessMemory request was completed. (0x12B)
[0330/212805.634:WARNING:pe_image_reader.cc(340)] could not read dos header from C:\WINDOWS\System32\UMPDC.dll
[0330/212805.634:ERROR:process_memory_win.cc(73)] ReadMemory at 0x7ffbd55b0000 of 64 bytes failed: Only part of a ReadProcessMemory or WriteProcessMemory request was completed. (0x12B)
[0330/212805.634:WARNING:pe_image_reader.cc(340)] could not read dos header from C:\WINDOWS\System32\shlwapi.dll
[0330/212805.634:ERROR:process_memory_win.cc(73)] ReadMemory at 0x7ffbd4380000 of 64 bytes failed: Only part of a ReadProcessMemory or WriteProcessMemory request was completed. (0x12B)
[0330/212805.634:WARNING:pe_image_reader.cc(340)] could not read dos header from C:\WINDOWS\System32\cryptsp.dll
[0330/212805.634:ERROR:process_memory_win.cc(73)] ReadMemory at 0x7ffbd3060000 of 64 bytes failed: Only part of a ReadProcessMemory or WriteProcessMemory request was completed. (0x12B)
[0330/212805.634:WARNING:pe_image_reader.cc(340)] could not read dos header from C:\WINDOWS\SYSTEM32\CRYPTBASE.DLL
[0330/212805.634:ERROR:process_memory_win.cc(73)] ReadMemory at 0x7ffbcf270000 of 64 bytes failed: Only part of a ReadProcessMemory or WriteProcessMemory request was completed. (0x12B)
[0330/212805.635:WARNING:pe_image_reader.cc(340)] could not read dos header from C:\WINDOWS\system32\NLAapi.dll
[0330/212805.635:ERROR:process_memory_win.cc(73)] ReadMemory at 0x7ffbcb620000 of 64 bytes failed: Only part of a ReadProcessMemory or WriteProcessMemory request was completed. (0x12B)
[0330/212805.635:WARNING:pe_image_reader.cc(340)] could not read dos header from C:\WINDOWS\SYSTEM32\dhcpcsvc6.DLL
[0330/212805.635:ERROR:process_memory_win.cc(73)] ReadMemory at 0x7ffbd2be0000 of 64 bytes failed: Only part of a ReadProcessMemory or WriteProcessMemory request was completed. (0x12B)
[0330/212805.635:WARNING:pe_image_reader.cc(340)] could not read dos header from C:\WINDOWS\SYSTEM32\DNSAPI.dll
[0330/212805.635:ERROR:process_memory_win.cc(73)] ReadMemory at 0x7ffbca8f0000 of 64 bytes failed: Only part of a ReadProcessMemory or WriteProcessMemory request was completed. (0x12B)
[0330/212805.635:WARNING:pe_image_reader.cc(340)] could not read dos header from C:\WINDOWS\SYSTEM32\wlanapi.dll
[0330/212805.635:ERROR:process_memory_win.cc(73)] ReadMemory at 0x7ffbd2e90000 of 64 bytes failed: Only part of a ReadProcessMemory or WriteProcessMemory request was completed. (0x12B)
[0330/212805.635:WARNING:pe_image_reader.cc(340)] could not read dos header from C:\WINDOWS\system32\mswsock.dll
[0330/212805.635:ERROR:process_memory_win.cc(73)] ReadMemory at 0x7ffbc9200000 of 64 bytes failed: Only part of a ReadProcessMemory or WriteProcessMemory request was completed. (0x12B)
[0330/212805.635:WARNING:pe_image_reader.cc(340)] could not read dos header from C:\Windows\System32\rasadhlp.dll
[0330/212805.635:ERROR:process_memory_win.cc(73)] ReadMemory at 0x7ffbca770000 of 64 bytes failed: Only part of a ReadProcessMemory or WriteProcessMemory request was completed. (0x12B)
[0330/212805.635:WARNING:pe_image_reader.cc(340)] could not read dos header from C:\WINDOWS\System32\fwpuclnt.dll
[0330/212805.635:ERROR:process_memory_win.cc(73)] ReadMemory at 0x7ffbd2a00000 of 64 bytes failed: Only part of a ReadProcessMemory or WriteProcessMemory request was completed. (0x12B)
[0330/212805.635:WARNING:pe_image_reader.cc(340)] could not read dos header from C:\WINDOWS\system32\rsaenh.dll
[0330/212805.635:ERROR:process_memory_win.cc(73)] ReadMemory at 0x7ffbd22a0000 of 64 bytes failed: Only part of a ReadProcessMemory or WriteProcessMemory request was completed. (0x12B)
[0330/212805.635:WARNING:pe_image_reader.cc(340)] could not read dos header from C:\WINDOWS\SYSTEM32\gpapi.dll
[0330/212805.635:ERROR:process_memory_win.cc(73)] ReadMemory at 0x7ffbc0300000 of 64 bytes failed: Only part of a ReadProcessMemory or WriteProcessMemory request was completed. (0x12B)
[0330/212805.635:WARNING:pe_image_reader.cc(340)] could not read dos header from C:\Windows\System32\cryptnet.dll
[0330/212805.635:ERROR:process_memory_win.cc(73)] ReadMemory at 0x7ffbd26e0000 of 64 bytes failed: Only part of a ReadProcessMemory or WriteProcessMemory request was completed. (0x12B)
[0330/212805.635:WARNING:pe_image_reader.cc(340)] could not read dos header from C:\WINDOWS\SYSTEM32\ntmarta.dll
[0330/212805.649:ERROR:process_memory_win.cc(73)] ReadMemory at 0x61fa5fa000 of 24576 bytes failed: Only part of a ReadProcessMemory or WriteProcessMemory request was completed. (0x12B)
[0330/212805.649:ERROR:process_memory_win.cc(73)] ReadMemory at 0x61fadfe000 of 8192 bytes failed: Only part of a ReadProcessMemory or WriteProcessMemory request was completed. (0x12B)
[0330/212805.649:ERROR:process_memory_win.cc(73)] ReadMemory at 0x61fb5fd000 of 12288 bytes failed: Only part of a ReadProcessMemory or WriteProcessMemory request was completed. (0x12B)
[0330/212805.649:ERROR:process_memory_win.cc(73)] ReadMemory at 0x61fbdf9000 of 28672 bytes failed: Only part of a ReadProcessMemory or WriteProcessMemory request was completed. (0x12B)
[0330/212805.650:ERROR:process_memory_win.cc(73)] ReadMemory at 0x61fc5fd000 of 12288 bytes failed: Only part of a ReadProcessMemory or WriteProcessMemory request was completed. (0x12B)
[0330/212805.650:ERROR:process_memory_win.cc(73)] ReadMemory at 0x61fcdf8000 of 32768 bytes failed: Only part of a ReadProcessMemory or WriteProcessMemory request was completed. (0x12B)
[0330/212805.650:ERROR:process_memory_win.cc(73)] ReadMemory at 0x61fd5fe000 of 8192 bytes failed: Only part of a ReadProcessMemory or WriteProcessMemory request was completed. (0x12B)
[0330/212805.650:ERROR:process_memory_win.cc(73)] ReadMemory at 0x61ff5fe000 of 8192 bytes failed: Only part of a ReadProcessMemory or WriteProcessMemory request was completed. (0x12B)
[0330/212805.650:ERROR:process_memory_win.cc(73)] ReadMemory at 0x61ffdfe000 of 8192 bytes failed: Only part of a ReadProcessMemory or WriteProcessMemory request was completed. (0x12B)
[0330/212805.650:ERROR:process_memory_win.cc(73)] ReadMemory at 0x61fedfc000 of 16384 bytes failed: Only part of a ReadProcessMemory or WriteProcessMemory request was completed. (0x12B)
[0330/212805.650:ERROR:process_memory_win.cc(73)] ReadMemory at 0x6180ffb000 of 20480 bytes failed: Only part of a ReadProcessMemory or WriteProcessMemory request was completed. (0x12B)
[0330/212805.650:ERROR:process_memory_win.cc(73)] ReadMemory at 0x61817ff000 of 4096 bytes failed: Only part of a ReadProcessMemory or WriteProcessMemory request was completed. (0x12B)
[0330/212805.651:ERROR:process_memory_win.cc(73)] ReadMemory at 0x61827f9000 of 28672 bytes failed: Only part of a ReadProcessMemory or WriteProcessMemory request was completed. (0x12B)
[0330/212805.651:ERROR:process_memory_win.cc(73)] ReadMemory at 0x6182ffa000 of 24576 bytes failed: Only part of a ReadProcessMemory or WriteProcessMemory request was completed. (0x12B)
[0330/212805.651:ERROR:process_memory_win.cc(73)] ReadMemory at 0x61807fb000 of 20480 bytes failed: Only part of a ReadProcessMemory or WriteProcessMemory request was completed. (0x12B)
[0330/212805.651:ERROR:process_memory_win.cc(73)] ReadMemory at 0x6181ffd000 of 12288 bytes failed: Only part of a ReadProcessMemory or WriteProcessMemory request was completed. (0x12B)
[0330/212805.651:ERROR:process_memory_win.cc(73)] ReadMemory at 0x61f9c02000 of 6024 bytes failed: Only part of a ReadProcessMemory or WriteProcessMemory request was completed. (0x12B)
[0330/212805.651:ERROR:process_memory_win.cc(73)] ReadMemory at 0x61f9c04000 of 6024 bytes failed: Only part of a ReadProcessMemory or WriteProcessMemory request was completed. (0x12B)
[0330/212805.651:ERROR:process_memory_win.cc(73)] ReadMemory at 0x61f9c06000 of 6024 bytes failed: Only part of a ReadProcessMemory or WriteProcessMemory request was completed. (0x12B)
[0330/212805.652:ERROR:process_memory_win.cc(73)] ReadMemory at 0x61f9c0a000 of 6024 bytes failed: Only part of a ReadProcessMemory or WriteProcessMemory request was completed. (0x12B)
[0330/212805.652:ERROR:process_memory_win.cc(73)] ReadMemory at 0x61f9c0c000 of 6024 bytes failed: Only part of a ReadProcessMemory or WriteProcessMemory request was completed. (0x12B)
[0330/212805.652:ERROR:process_memory_win.cc(73)] ReadMemory at 0x61f9c10000 of 6024 bytes failed: Only part of a ReadProcessMemory or WriteProcessMemory request was completed. (0x12B)
[0330/212805.652:ERROR:process_memory_win.cc(73)] ReadMemory at 0x61f9c12000 of 6024 bytes failed: Only part of a ReadProcessMemory or WriteProcessMemory request was completed. (0x12B)
[0330/212805.652:ERROR:process_memory_win.cc(73)] ReadMemory at 0x61f9c16000 of 6024 bytes failed: Only part of a ReadProcessMemory or WriteProcessMemory request was completed. (0x12B)
[0330/212805.652:ERROR:process_memory_win.cc(73)] ReadMemory at 0x61f9c18000 of 6024 bytes failed: Only part of a ReadProcessMemory or WriteProcessMemory request was completed. (0x12B)
[0330/212805.652:ERROR:process_memory_win.cc(73)] ReadMemory at 0x61f9dec000 of 852 bytes failed: Only part of a ReadProcessMemory or WriteProcessMemory request was completed. (0x12B)
[0330/212805.652:ERROR:process_memory_win.cc(73)] ReadMemory at 0x61f9ded000 of 6024 bytes failed: Only part of a ReadProcessMemory or WriteProcessMemory request was completed. (0x12B)
[0330/212805.652:ERROR:process_memory_win.cc(73)] ReadMemory at 0x61f9def000 of 6024 bytes failed: Only part of a ReadProcessMemory or WriteProcessMemory request was completed. (0x12B)
[0330/212805.653:ERROR:process_memory_win.cc(73)] ReadMemory at 0x61f9df1000 of 6024 bytes failed: Only part of a ReadProcessMemory or WriteProcessMemory request was completed. (0x12B)
[0330/212805.653:ERROR:process_memory_win.cc(73)] ReadMemory at 0x61f9df3000 of 6024 bytes failed: Only part of a ReadProcessMemory or WriteProcessMemory request was completed. (0x12B)
[0330/212805.653:ERROR:process_memory_win.cc(73)] ReadMemory at 0x61f9df5000 of 6024 bytes failed: Only part of a ReadProcessMemory or WriteProcessMemory request was completed. (0x12B)
[0330/212805.653:ERROR:process_memory_win.cc(73)] ReadMemory at 0x61f9df7000 of 6024 bytes failed: Only part of a ReadProcessMemory or WriteProcessMemory request was completed. (0x12B)
[0330/212805.653:ERROR:process_memory_win.cc(73)] ReadMemory at 0x61f9df9000 of 6024 bytes failed: Only part of a ReadProcessMemory or WriteProcessMemory request was completed. (0x12B)
[0330/212805.653:ERROR:process_memory_win.cc(73)] ReadMemory at 0x1ef9a971fc0 of 512 bytes failed: Only part of a ReadProcessMemory or WriteProcessMemory request was completed. (0x12B)
[0330/212805.653:ERROR:process_memory_win.cc(73)] ReadMemory at 0x1ef9aa2c040 of 608 bytes failed: Only part of a ReadProcessMemory or WriteProcessMemory request was completed. (0x12B)
[0330/212805.653:ERROR:process_memory_win.cc(73)] ReadMemory at 0x1ef9aa30000 of 384 bytes failed: Only part of a ReadProcessMemory or WriteProcessMemory request was completed. (0x12B)
[0330/212805.653:ERROR:process_memory_win.cc(73)] ReadMemory at 0x1ef9aa30750 of 80 bytes failed: Only part of a ReadProcessMemory or WriteProcessMemory request was completed. (0x12B)
[0330/212805.654:ERROR:process_memory_win.cc(73)] ReadMemory at 0x1ef9aa30ad0 of 1016 bytes failed: Only part of a ReadProcessMemory or WriteProcessMemory request was completed. (0x12B)
[0330/212805.654:ERROR:process_memory_win.cc(73)] ReadMemory at 0x1ef9aa30fe0 of 6540 bytes failed: Only part of a ReadProcessMemory or WriteProcessMemory request was completed. (0x12B)
[0330/212805.654:ERROR:process_memory_win.cc(73)] ReadMemory at 0x1ef9aa32980 of 1012 bytes failed: Only part of a ReadProcessMemory or WriteProcessMemory request was completed. (0x12B)
[0330/212805.654:ERROR:process_memory_win.cc(73)] ReadMemory at 0x1ef9aa32fc8 of 118 bytes failed: Only part of a ReadProcessMemory or WriteProcessMemory request was completed. (0x12B)
[0330/212805.654:ERROR:process_memory_win.cc(73)] ReadMemory at 0x1ef9aa33040 of 924 bytes failed: Only part of a ReadProcessMemory or WriteProcessMemory request was completed. (0x12B)
[0330/212805.654:ERROR:process_memory_win.cc(73)] ReadMemory at 0x1ef9aa333de of 118 bytes failed: Only part of a ReadProcessMemory or WriteProcessMemory request was completed. (0x12B)
[0330/212805.654:ERROR:process_memory_win.cc(73)] ReadMemory at 0x1ef9aa33456 of 30 bytes failed: Only part of a ReadProcessMemory or WriteProcessMemory request was completed. (0x12B)
[0330/212805.654:ERROR:process_memory_win.cc(73)] ReadMemory at 0x1ef9aa33480 of 58 bytes failed: Only part of a ReadProcessMemory or WriteProcessMemory request was completed. (0x12B)
[0330/212805.655:ERROR:process_memory_win.cc(73)] ReadMemory at 0x1ef9aa33580 of 132 bytes failed: Only part of a ReadProcessMemory or WriteProcessMemory request was completed. (0x12B)
[0330/212805.655:ERROR:process_memory_win.cc(73)] ReadMemory at 0x1ef9aa33710 of 132 bytes failed: Only part of a ReadProcessMemory or WriteProcessMemory request was completed. (0x12B)
[0330/212805.655:ERROR:process_memory_win.cc(73)] ReadMemory at 0x1ef9aa338d0 of 126 bytes failed: Only part of a ReadProcessMemory or WriteProcessMemory request was completed. (0x12B)
[0330/212805.655:ERROR:process_memory_win.cc(73)] ReadMemory at 0x1ef9aa33cb0 of 132 bytes failed: Only part of a ReadProcessMemory or WriteProcessMemory request was completed. (0x12B)
[0330/212805.655:ERROR:process_memory_win.cc(73)] ReadMemory at 0x1ef9aa33e40 of 64 bytes failed: Only part of a ReadProcessMemory or WriteProcessMemory request was completed. (0x12B)
[0330/212805.655:ERROR:process_memory_win.cc(73)] ReadMemory at 0x1ef9aa33e90 of 132 bytes failed: Only part of a ReadProcessMemory or WriteProcessMemory request was completed. (0x12B)
[0330/212805.655:ERROR:process_memory_win.cc(73)] ReadMemory at 0x1ef9aa34000 of 132 bytes failed: Only part of a ReadProcessMemory or WriteProcessMemory request was completed. (0x12B)
[0330/212805.655:ERROR:process_memory_win.cc(73)] ReadMemory at 0x1ef9aa342a0 of 132 bytes failed: Only part of a ReadProcessMemory or WriteProcessMemory request was completed. (0x12B)
[0330/212805.655:ERROR:process_memory_win.cc(73)] ReadMemory at 0x1ef9aa34430 of 68 bytes failed: Only part of a ReadProcessMemory or WriteProcessMemory request was completed. (0x12B)
[0330/212805.656:ERROR:process_memory_win.cc(73)] ReadMemory at 0x1ef9aa35480 of 146 bytes failed: Only part of a ReadProcessMemory or WriteProcessMemory request was completed. (0x12B)
[0330/212805.656:ERROR:process_memory_win.cc(73)] ReadMemory at 0x1ef9aa35560 of 132 bytes failed: Only part of a ReadProcessMemory or WriteProcessMemory request was completed. (0x12B)
[0330/212805.656:ERROR:process_memory_win.cc(73)] ReadMemory at 0x1ef9aa356f0 of 154 bytes failed: Only part of a ReadProcessMemory or WriteProcessMemory request was completed. (0x12B)
[0330/212805.656:ERROR:process_memory_win.cc(73)] ReadMemory at 0x1ef9aa36430 of 132 bytes failed: Only part of a ReadProcessMemory or WriteProcessMemory request was completed. (0x12B)
[0330/212805.657:ERROR:process_memory_win.cc(73)] ReadMemory at 0x1ef9aa366dc of 512 bytes failed: Only part of a ReadProcessMemory or WriteProcessMemory request was completed. (0x12B)
[0330/212805.657:ERROR:process_memory_win.cc(73)] ReadMemory at 0x1ef9aa37ce0 of 60 bytes failed: Only part of a ReadProcessMemory or WriteProcessMemory request was completed. (0x12B)
[0330/212805.657:ERROR:process_memory_win.cc(73)] ReadMemory at 0x1ef9aa37d60 of 62 bytes failed: Only part of a ReadProcessMemory or WriteProcessMemory request was completed. (0x12B)
[0330/212805.657:ERROR:process_memory_win.cc(73)] ReadMemory at 0x1ef9aa37db0 of 132 bytes failed: Only part of a ReadProcessMemory or WriteProcessMemory request was completed. (0x12B)
[0330/212805.657:ERROR:process_memory_win.cc(73)] ReadMemory at 0x1ef9aa38840 of 132 bytes failed: Only part of a ReadProcessMemory or WriteProcessMemory request was completed. (0x12B)
[0330/212805.658:ERROR:process_memory_win.cc(73)] ReadMemory at 0x1ef9aa3b790 of 64 bytes failed: Only part of a ReadProcessMemory or WriteProcessMemory request was completed. (0x12B)
[0330/212805.658:ERROR:process_memory_win.cc(73)] ReadMemory at 0x1ef9aa3b7e0 of 62 bytes failed: Only part of a ReadProcessMemory or WriteProcessMemory request was completed. (0x12B)
[0330/212805.658:ERROR:process_memory_win.cc(73)] ReadMemory at 0x1ef9aa3b970 of 64 bytes failed: Only part of a ReadProcessMemory or WriteProcessMemory request was completed. (0x12B)
[0330/212805.658:ERROR:process_memory_win.cc(73)] ReadMemory at 0x1ef9aa3b9c0 of 66 bytes failed: Only part of a ReadProcessMemory or WriteProcessMemory request was completed. (0x12B)
[0330/212805.658:ERROR:process_memory_win.cc(73)] ReadMemory at 0x1ef9aa3ba10 of 64 bytes failed: Only part of a ReadProcessMemory or WriteProcessMemory request was completed. (0x12B)
[0330/212805.658:ERROR:process_memory_win.cc(73)] ReadMemory at 0x1ef9aa3ba60 of 64 bytes failed: Only part of a ReadProcessMemory or WriteProcessMemory request was completed. (0x12B)
[0330/212805.658:ERROR:process_memory_win.cc(73)] ReadMemory at 0x1ef9aa3bbf0 of 60 bytes failed: Only part of a ReadProcessMemory or WriteProcessMemory request was completed. (0x12B)
[0330/212805.658:ERROR:process_memory_win.cc(73)] ReadMemory at 0x1ef9aa3bc40 of 60 bytes failed: Only part of a ReadProcessMemory or WriteProcessMemory request was completed. (0x12B)
[0330/212805.658:ERROR:process_memory_win.cc(73)] ReadMemory at 0x1ef9aa3bc90 of 62 bytes failed: Only part of a ReadProcessMemory or WriteProcessMemory request was completed. (0x12B)
[0330/212805.659:ERROR:process_memory_win.cc(73)] ReadMemory at 0x1ef9aa3c610 of 80 bytes failed: Only part of a ReadProcessMemory or WriteProcessMemory request was completed. (0x12B)
[0330/212805.659:ERROR:process_memory_win.cc(73)] ReadMemory at 0x1ef9aa3c7f0 of 78 bytes failed: Only part of a ReadProcessMemory or WriteProcessMemory request was completed. (0x12B)
[0330/212805.659:ERROR:process_memory_win.cc(73)] ReadMemory at 0x1ef9aa3cfd0 of 76 bytes failed: Only part of a ReadProcessMemory or WriteProcessMemory request was completed. (0x12B)
[0330/212805.659:ERROR:process_memory_win.cc(73)] ReadMemory at 0x1ef9aa3e520 of 132 bytes failed: Only part of a ReadProcessMemory or WriteProcessMemory request was completed. (0x12B)
[0330/212805.659:ERROR:process_memory_win.cc(73)] ReadMemory at 0x1ef9aa3e840 of 132 bytes failed: Only part of a ReadProcessMemory or WriteProcessMemory request was completed. (0x12B)
[0330/212805.659:ERROR:process_memory_win.cc(73)] ReadMemory at 0x1ef9aa3f0e0 of 54 bytes failed: Only part of a ReadProcessMemory or WriteProcessMemory request was completed. (0x12B)
[0330/212805.659:ERROR:process_memory_win.cc(73)] ReadMemory at 0x1ef9aa40310 of 132 bytes failed: Only part of a ReadProcessMemory or WriteProcessMemory request was completed. (0x12B)
[0330/212805.659:ERROR:process_memory_win.cc(73)] ReadMemory at 0x1ef9aa40440 of 132 bytes failed: Only part of a ReadProcessMemory or WriteProcessMemory request was completed. (0x12B)
[0330/212805.659:ERROR:process_memory_win.cc(73)] ReadMemory at 0x1ef9aa42bd0 of 132 bytes failed: Only part of a ReadProcessMemory or WriteProcessMemory request was completed. (0x12B)
[0330/212805.659:ERROR:process_memory_win.cc(73)] ReadMemory at 0x1ef9aa42f30 of 132 bytes failed: Only part of a ReadProcessMemory or WriteProcessMemory request was completed. (0x12B)
[0330/212805.659:ERROR:process_memory_win.cc(73)] ReadMemory at 0x1ef9aa43140 of 132 bytes failed: Only part of a ReadProcessMemory or WriteProcessMemory request was completed. (0x12B)
[0330/212805.660:ERROR:process_memory_win.cc(73)] ReadMemory at 0x1ef9aa44e90 of 132 bytes failed: Only part of a ReadProcessMemory or WriteProcessMemory request was completed. (0x12B)
[0330/212805.660:ERROR:process_memory_win.cc(73)] ReadMemory at 0x1ef9aa44fc0 of 132 bytes failed: Only part of a ReadProcessMemory or WriteProcessMemory request was completed. (0x12B)
[0330/212805.660:ERROR:process_memory_win.cc(73)] ReadMemory at 0x1ef9aa450f0 of 132 bytes failed: Only part of a ReadProcessMemory or WriteProcessMemory request was completed. (0x12B)
[0330/212805.660:ERROR:process_memory_win.cc(73)] ReadMemory at 0x1ef9aa45220 of 132 bytes failed: Only part of a ReadProcessMemory or WriteProcessMemory request was completed. (0x12B)
[0330/212805.660:ERROR:process_memory_win.cc(73)] ReadMemory at 0x1ef9aa45350 of 132 bytes failed: Only part of a ReadProcessMemory or WriteProcessMemory request was completed. (0x12B)
[0330/212805.660:ERROR:process_memory_win.cc(73)] ReadMemory at 0x1ef9aa45480 of 132 bytes failed: Only part of a ReadProcessMemory or WriteProcessMemory request was completed. (0x12B)
[0330/212805.660:ERROR:process_memory_win.cc(73)] ReadMemory at 0x1ef9aa455b0 of 132 bytes failed: Only part of a ReadProcessMemory or WriteProcessMemory request was completed. (0x12B)
[0330/212805.660:ERROR:process_memory_win.cc(73)] ReadMemory at 0x1ef9aa456e0 of 132 bytes failed: Only part of a ReadProcessMemory or WriteProcessMemory request was completed. (0x12B)
[0330/212805.660:ERROR:process_memory_win.cc(73)] ReadMemory at 0x1ef9aa45810 of 132 bytes failed: Only part of a ReadProcessMemory or WriteProcessMemory request was completed. (0x12B)
[0330/212805.660:ERROR:process_memory_win.cc(73)] ReadMemory at 0x1ef9aa45940 of 132 bytes failed: Only part of a ReadProcessMemory or WriteProcessMemory request was completed. (0x12B)
[0330/212805.661:ERROR:process_memory_win.cc(73)] ReadMemory at 0x1ef9aa45a70 of 132 bytes failed: Only part of a ReadProcessMemory or WriteProcessMemory request was completed. (0x12B)
[0330/212805.661:ERROR:process_memory_win.cc(73)] ReadMemory at 0x1ef9aa45ba0 of 132 bytes failed: Only part of a ReadProcessMemory or WriteProcessMemory request was completed. (0x12B)
[0330/212805.661:ERROR:process_memory_win.cc(73)] ReadMemory at 0x1ef9aa45cd0 of 132 bytes failed: Only part of a ReadProcessMemory or WriteProcessMemory request was completed. (0x12B)
[0330/212805.661:ERROR:process_memory_win.cc(73)] ReadMemory at 0x1ef9aa45f80 of 60 bytes failed: Only part of a ReadProcessMemory or WriteProcessMemory request was completed. (0x12B)
[0330/212805.661:ERROR:process_memory_win.cc(73)] ReadMemory at 0x1ef9aa46020 of 62 bytes failed: Only part of a ReadProcessMemory or WriteProcessMemory request was completed. (0x12B)
[0330/212805.661:ERROR:process_memory_win.cc(73)] ReadMemory at 0x1ef9aa46070 of 62 bytes failed: Only part of a ReadProcessMemory or WriteProcessMemory request was completed. (0x12B)
[0330/212805.662:ERROR:process_memory_win.cc(73)] ReadMemory at 0x1ef9aa464d0 of 66 bytes failed: Only part of a ReadProcessMemory or WriteProcessMemory request was completed. (0x12B)
[0330/212805.662:ERROR:process_memory_win.cc(73)] ReadMemory at 0x1ef9aa466b0 of 64 bytes failed: Only part of a ReadProcessMemory or WriteProcessMemory request was completed. (0x12B)
[0330/212805.662:ERROR:process_memory_win.cc(73)] ReadMemory at 0x1ef9aa46700 of 60 bytes failed: Only part of a ReadProcessMemory or WriteProcessMemory request was completed. (0x12B)
[0330/212805.662:ERROR:process_memory_win.cc(73)] ReadMemory at 0x1ef9aa467a0 of 64 bytes failed: Only part of a ReadProcessMemory or WriteProcessMemory request was completed. (0x12B)
[0330/212805.662:ERROR:process_memory_win.cc(73)] ReadMemory at 0x1ef9aa46840 of 62 bytes failed: Only part of a ReadProcessMemory or WriteProcessMemory request was completed. (0x12B)
[0330/212805.662:ERROR:process_memory_win.cc(73)] ReadMemory at 0x1ef9aa46890 of 62 bytes failed: Only part of a ReadProcessMemory or WriteProcessMemory request was completed. (0x12B)
[0330/212805.662:ERROR:process_memory_win.cc(73)] ReadMemory at 0x1ef9aa468e0 of 62 bytes failed: Only part of a ReadProcessMemory or WriteProcessMemory request was completed. (0x12B)
[0330/212805.663:ERROR:process_memory_win.cc(73)] ReadMemory at 0x1ef9aa469d0 of 60 bytes failed: Only part of a ReadProcessMemory or WriteProcessMemory request was completed. (0x12B)
[0330/212805.663:ERROR:process_memory_win.cc(73)] ReadMemory at 0x1ef9aa46a70 of 58 bytes failed: Only part of a ReadProcessMemory or WriteProcessMemory request was completed. (0x12B)
[0330/212805.663:ERROR:process_memory_win.cc(73)] ReadMemory at 0x1ef9aa46ac0 of 64 bytes failed: Only part of a ReadProcessMemory or WriteProcessMemory request was completed. (0x12B)
[0330/212805.663:ERROR:process_memory_win.cc(73)] ReadMemory at 0x1ef9aa46c00 of 64 bytes failed: Only part of a ReadProcessMemory or WriteProcessMemory request was completed. (0x12B)
[0330/212805.663:ERROR:process_memory_win.cc(73)] ReadMemory at 0x1ef9aa46c50 of 60 bytes failed: Only part of a ReadProcessMemory or WriteProcessMemory request was completed. (0x12B)
[0330/212805.663:ERROR:process_memory_win.cc(73)] ReadMemory at 0x1ef9aa46d40 of 62 bytes failed: Only part of a ReadProcessMemory or WriteProcessMemory request was completed. (0x12B)
[0330/212805.663:ERROR:process_memory_win.cc(73)] ReadMemory at 0x1ef9aa46e80 of 62 bytes failed: Only part of a ReadProcessMemory or WriteProcessMemory request was completed. (0x12B)
[0330/212805.663:ERROR:process_memory_win.cc(73)] ReadMemory at 0x1ef9aa46ed0 of 62 bytes failed: Only part of a ReadProcessMemory or WriteProcessMemory request was completed. (0x12B)
[0330/212805.663:ERROR:process_memory_win.cc(73)] ReadMemory at 0x1ef9aa46f90 of 132 bytes failed: Only part of a ReadProcessMemory or WriteProcessMemory request was completed. (0x12B)
[0330/212805.663:ERROR:process_memory_win.cc(73)] ReadMemory at 0x1ef9aa470c0 of 132 bytes failed: Only part of a ReadProcessMemory or WriteProcessMemory request was completed. (0x12B)
[0330/212805.664:ERROR:process_memory_win.cc(73)] ReadMemory at 0x1ef9aa471f0 of 132 bytes failed: Only part of a ReadProcessMemory or WriteProcessMemory request was completed. (0x12B)
[0330/212805.664:ERROR:process_memory_win.cc(73)] ReadMemory at 0x1ef9aa47320 of 132 bytes failed: Only part of a ReadProcessMemory or WriteProcessMemory request was completed. (0x12B)
[0330/212805.664:ERROR:process_memory_win.cc(73)] ReadMemory at 0x1ef9aa47450 of 132 bytes failed: Only part of a ReadProcessMemory or WriteProcessMemory request was completed. (0x12B)
[0330/212805.664:ERROR:process_memory_win.cc(73)] ReadMemory at 0x1ef9aa47580 of 132 bytes failed: Only part of a ReadProcessMemory or WriteProcessMemory request was completed. (0x12B)
[0330/212805.664:ERROR:process_memory_win.cc(73)] ReadMemory at 0x1ef9aa476b0 of 132 bytes failed: Only part of a ReadProcessMemory or WriteProcessMemory request was completed. (0x12B)
[0330/212805.664:ERROR:process_memory_win.cc(73)] ReadMemory at 0x1ef9aa477e0 of 132 bytes failed: Only part of a ReadProcessMemory or WriteProcessMemory request was completed. (0x12B)
[0330/212805.664:ERROR:process_memory_win.cc(73)] ReadMemory at 0x1ef9aa47910 of 132 bytes failed: Only part of a ReadProcessMemory or WriteProcessMemory request was completed. (0x12B)
[0330/212805.664:ERROR:process_memory_win.cc(73)] ReadMemory at 0x1ef9aa47a40 of 132 bytes failed: Only part of a ReadProcessMemory or WriteProcessMemory request was completed. (0x12B)
[0330/212805.664:ERROR:process_memory_win.cc(73)] ReadMemory at 0x1ef9aa47b70 of 132 bytes failed: Only part of a ReadProcessMemory or WriteProcessMemory request was completed. (0x12B)
[0330/212805.664:ERROR:process_memory_win.cc(73)] ReadMemory at 0x1ef9aa47ca0 of 132 bytes failed: Only part of a ReadProcessMemory or WriteProcessMemory request was completed. (0x12B)
[0330/212805.665:ERROR:process_memory_win.cc(73)] ReadMemory at 0x1ef9aa47dd0 of 132 bytes failed: Only part of a ReadProcessMemory or WriteProcessMemory request was completed. (0x12B)
[0330/212805.665:ERROR:process_memory_win.cc(73)] ReadMemory at 0x1ef9aa47f00 of 132 bytes failed: Only part of a ReadProcessMemory or WriteProcessMemory request was completed. (0x12B)
[0330/212805.665:ERROR:process_memory_win.cc(73)] ReadMemory at 0x1ef9aa48030 of 132 bytes failed: Only part of a ReadProcessMemory or WriteProcessMemory request was completed. (0x12B)
[0330/212805.665:ERROR:process_memory_win.cc(73)] ReadMemory at 0x1ef9aa48160 of 132 bytes failed: Only part of a ReadProcessMemory or WriteProcessMemory request was completed. (0x12B)
[0330/212805.665:ERROR:process_memory_win.cc(73)] ReadMemory at 0x1ef9aa48290 of 132 bytes failed: Only part of a ReadProcessMemory or WriteProcessMemory request was completed. (0x12B)
[0330/212805.665:ERROR:process_memory_win.cc(73)] ReadMemory at 0x1ef9aa483c0 of 132 bytes failed: Only part of a ReadProcessMemory or WriteProcessMemory request was completed. (0x12B)
[0330/212805.665:ERROR:process_memory_win.cc(73)] ReadMemory at 0x1ef9aa484f0 of 132 bytes failed: Only part of a ReadProcessMemory or WriteProcessMemory request was completed. (0x12B)
[0330/212805.665:ERROR:process_memory_win.cc(73)] ReadMemory at 0x1ef9aa48620 of 132 bytes failed: Only part of a ReadProcessMemory or WriteProcessMemory request was completed. (0x12B)
[0330/212805.665:ERROR:process_memory_win.cc(73)] ReadMemory at 0x1ef9aa48750 of 132 bytes failed: Only part of a ReadProcessMemory or WriteProcessMemory request was completed. (0x12B)
[0330/212805.666:ERROR:process_memory_win.cc(73)] ReadMemory at 0x1ef9aa48880 of 132 bytes failed: Only part of a ReadProcessMemory or WriteProcessMemory request was completed. (0x12B)
[0330/212805.666:ERROR:process_memory_win.cc(73)] ReadMemory at 0x1ef9aa48c10 of 132 bytes failed: Only part of a ReadProcessMemory or WriteProcessMemory request was completed. (0x12B)
[0330/212805.666:ERROR:process_memory_win.cc(73)] ReadMemory at 0x1ef9aa48d40 of 132 bytes failed: Only part of a ReadProcessMemory or WriteProcessMemory request was completed. (0x12B)
[0330/212805.666:ERROR:process_memory_win.cc(73)] ReadMemory at 0x1ef9aa5cb10 of 66 bytes failed: Only part of a ReadProcessMemory or WriteProcessMemory request was completed. (0x12B)
[0330/212805.666:ERROR:process_memory_win.cc(73)] ReadMemory at 0x1ef9aa5cb60 of 64 bytes failed: Only part of a ReadProcessMemory or WriteProcessMemory request was completed. (0x12B)
[0330/212805.666:ERROR:process_memory_win.cc(73)] ReadMemory at 0x1ef9aa5cbb0 of 58 bytes failed: Only part of a ReadProcessMemory or WriteProcessMemory request was completed. (0x12B)
[0330/212805.666:ERROR:process_memory_win.cc(73)] ReadMemory at 0x1ef9aa5cca0 of 58 bytes failed: Only part of a ReadProcessMemory or WriteProcessMemory request was completed. (0x12B)
[0330/212805.666:ERROR:process_memory_win.cc(73)] ReadMemory at 0x1ef9aa5d100 of 62 bytes failed: Only part of a ReadProcessMemory or WriteProcessMemory request was completed. (0x12B)
[0330/212805.666:ERROR:process_memory_win.cc(73)] ReadMemory at 0x1ef9aa5d150 of 568 bytes failed: Only part of a ReadProcessMemory or WriteProcessMemory request was completed. (0x12B)
[0330/212805.667:ERROR:process_memory_win.cc(73)] ReadMemory at 0x1ef9aa5d470 of 60 bytes failed: Only part of a ReadProcessMemory or WriteProcessMemory request was completed. (0x12B)
[0330/212805.667:ERROR:process_memory_win.cc(73)] ReadMemory at 0x1ef9aa5d4c0 of 66 bytes failed: Only part of a ReadProcessMemory or WriteProcessMemory request was completed. (0x12B)
[0330/212805.667:ERROR:process_memory_win.cc(73)] ReadMemory at 0x1ef9aa5d560 of 66 bytes failed: Only part of a ReadProcessMemory or WriteProcessMemory request was completed. (0x12B)
[0330/212805.667:ERROR:process_memory_win.cc(73)] ReadMemory at 0x1ef9aa5d6f0 of 62 bytes failed: Only part of a ReadProcessMemory or WriteProcessMemory request was completed. (0x12B)
[0330/212805.667:ERROR:process_memory_win.cc(73)] ReadMemory at 0x1ef9aa5d740 of 60 bytes failed: Only part of a ReadProcessMemory or WriteProcessMemory request was completed. (0x12B)
[0330/212805.667:ERROR:process_memory_win.cc(73)] ReadMemory at 0x1ef9aa5d7e0 of 62 bytes failed: Only part of a ReadProcessMemory or WriteProcessMemory request was completed. (0x12B)
[0330/212805.667:ERROR:process_memory_win.cc(73)] ReadMemory at 0x1ef9aa62e50 of 512 bytes failed: Only part of a ReadProcessMemory or WriteProcessMemory request was completed. (0x12B)
[0330/212805.667:ERROR:process_memory_win.cc(73)] ReadMemory at 0x1ef9aa687d0 of 512 bytes failed: Only part of a ReadProcessMemory or WriteProcessMemory request was completed. (0x12B)
[0330/212805.667:ERROR:process_memory_win.cc(73)] ReadMemory at 0x1ef9aa68b50 of 512 bytes failed: Only part of a ReadProcessMemory or WriteProcessMemory request was completed. (0x12B)
[0330/212805.667:ERROR:process_memory_win.cc(73)] ReadMemory at 0x1ef9aa74bd0 of 60 bytes failed: Only part of a ReadProcessMemory or WriteProcessMemory request was completed. (0x12B)
[0330/212805.668:ERROR:process_memory_win.cc(73)] ReadMemory at 0x1ef9aa834e0 of 132 bytes failed: Only part of a ReadProcessMemory or WriteProcessMemory request was completed. (0x12B)
[0330/212805.668:ERROR:process_memory_win.cc(73)] ReadMemory at 0x1ef9aa83740 of 132 bytes failed: Only part of a ReadProcessMemory or WriteProcessMemory request was completed. (0x12B)
[0330/212805.668:ERROR:process_memory_win.cc(73)] ReadMemory at 0x1ef9aa83870 of 132 bytes failed: Only part of a ReadProcessMemory or WriteProcessMemory request was completed. (0x12B)
[0330/212805.668:ERROR:process_memory_win.cc(73)] ReadMemory at 0x1ef9aa83f90 of 132 bytes failed: Only part of a ReadProcessMemory or WriteProcessMemory request was completed. (0x12B)
[0330/212805.668:ERROR:process_memory_win.cc(73)] ReadMemory at 0x1ef9aa84450 of 132 bytes failed: Only part of a ReadProcessMemory or WriteProcessMemory request was completed. (0x12B)
[0330/212805.668:ERROR:process_memory_win.cc(73)] ReadMemory at 0x1ef9aa84a40 of 132 bytes failed: Only part of a ReadProcessMemory or WriteProcessMemory request was completed. (0x12B)
[0330/212805.668:ERROR:process_memory_win.cc(73)] ReadMemory at 0x1ef9aa84b70 of 132 bytes failed: Only part of a ReadProcessMemory or WriteProcessMemory request was completed. (0x12B)
[0330/212805.668:ERROR:process_memory_win.cc(73)] ReadMemory at 0x1ef9aaa3560 of 64 bytes failed: Only part of a ReadProcessMemory or WriteProcessMemory request was completed. (0x12B)
[0330/212805.668:ERROR:process_memory_win.cc(73)] ReadMemory at 0x1ef9aaa3790 of 62 bytes failed: Only part of a ReadProcessMemory or WriteProcessMemory request was completed. (0x12B)
[0330/212805.668:ERROR:process_memory_win.cc(73)] ReadMemory at 0x1ef9aaa39c0 of 64 bytes failed: Only part of a ReadProcessMemory or WriteProcessMemory request was completed. (0x12B)
[0330/212805.669:ERROR:process_memory_win.cc(73)] ReadMemory at 0x1ef9aaa3ab0 of 62 bytes failed: Only part of a ReadProcessMemory or WriteProcessMemory request was completed. (0x12B)
[0330/212805.669:ERROR:process_memory_win.cc(73)] ReadMemory at 0x1ef9aaa4050 of 60 bytes failed: Only part of a ReadProcessMemory or WriteProcessMemory request was completed. (0x12B)
[0330/212805.669:ERROR:process_memory_win.cc(73)] ReadMemory at 0x1ef9aab12e0 of 512 bytes failed: Only part of a ReadProcessMemory or WriteProcessMemory request was completed. (0x12B)
[0330/212805.669:ERROR:process_memory_win.cc(73)] ReadMemory at 0x1ef9aab1660 of 512 bytes failed: Only part of a ReadProcessMemory or WriteProcessMemory request was completed. (0x12B)
[0330/212805.669:ERROR:process_memory_win.cc(73)] ReadMemory at 0x1ef9aab61a0 of 512 bytes failed: Only part of a ReadProcessMemory or WriteProcessMemory request was completed. (0x12B)
[0330/212805.669:ERROR:process_memory_win.cc(73)] ReadMemory at 0x1ef9aab6520 of 512 bytes failed: Only part of a ReadProcessMemory or WriteProcessMemory request was completed. (0x12B)
[0330/212805.669:ERROR:process_memory_win.cc(73)] ReadMemory at 0x1ef9aae8600 of 58 bytes failed: Only part of a ReadProcessMemory or WriteProcessMemory request was completed. (0x12B)
[0330/212805.669:ERROR:process_memory_win.cc(73)] ReadMemory at 0x1ef9ab0e690 of 64 bytes failed: Only part of a ReadProcessMemory or WriteProcessMemory request was completed. (0x12B)
[0330/212805.669:ERROR:process_memory_win.cc(73)] ReadMemory at 0x1ef9ab41728 of 512 bytes failed: Only part of a ReadProcessMemory or WriteProcessMemory request was completed. (0x12B)
[0330/212805.669:ERROR:process_memory_win.cc(73)] ReadMemory at 0x1ef9abd5ad0 of 512 bytes failed: Only part of a ReadProcessMemory or WriteProcessMemory request was completed. (0x12B)
[0330/212805.670:ERROR:process_memory_win.cc(73)] ReadMemory at 0x1ef9abe8920 of 512 bytes failed: Only part of a ReadProcessMemory or WriteProcessMemory request was completed. (0x12B)
[0330/212805.670:ERROR:process_memory_win.cc(73)] ReadMemory at 0x1ef9abeefa0 of 512 bytes failed: Only part of a ReadProcessMemory or WriteProcessMemory request was completed. (0x12B)
[0330/212805.670:ERROR:process_memory_win.cc(73)] ReadMemory at 0x1ef9e20c9e0 of 512 bytes failed: Only part of a ReadProcessMemory or WriteProcessMemory request was completed. (0x12B)
[0330/212805.670:ERROR:process_memory_win.cc(73)] ReadMemory at 0x1ef9e20ce60 of 512 bytes failed: Only part of a ReadProcessMemory or WriteProcessMemory request was completed. (0x12B)
[0330/212805.670:ERROR:process_memory_win.cc(73)] ReadMemory at 0x1ef9e402cd8 of 512 bytes failed: Only part of a ReadProcessMemory or WriteProcessMemory request was completed. (0x12B)
[0330/212805.670:ERROR:process_memory_win.cc(73)] ReadMemory at 0x1ef9e4240c0 of 512 bytes failed: Only part of a ReadProcessMemory or WriteProcessMemory request was completed. (0x12B)
[0330/212805.670:ERROR:process_memory_win.cc(73)] ReadMemory at 0x7ff60dac4fa8 of 512 bytes failed: Only part of a ReadProcessMemory or WriteProcessMemory request was completed. (0x12B)
[0330/212805.670:ERROR:process_memory_win.cc(73)] ReadMemory at 0x7ffb5e3717d4 of 512 bytes failed: Only part of a ReadProcessMemory or WriteProcessMemory request was completed. (0x12B)
[0330/212805.670:ERROR:process_memory_win.cc(73)] ReadMemory at 0x7ffb5e744725 of 512 bytes failed: Only part of a ReadProcessMemory or WriteProcessMemory request was completed. (0x12B)
[0330/212805.671:ERROR:process_memory_win.cc(73)] ReadMemory at 0x7ffb6089054c of 512 bytes failed: Only part of a ReadProcessMemory or WriteProcessMemory request was completed. (0x12B)
[0330/212805.671:ERROR:process_memory_win.cc(73)] ReadMemory at 0x7ffb64aa61b8 of 512 bytes failed: Only part of a ReadProcessMemory or WriteProcessMemory request was completed. (0x12B)
[0330/212805.671:ERROR:process_memory_win.cc(73)] ReadMemory at 0x7ffb656f6d48 of 512 bytes failed: Only part of a ReadProcessMemory or WriteProcessMemory request was completed. (0x12B)
[0330/212805.671:ERROR:process_memory_win.cc(73)] ReadMemory at 0x7ffbd2e90000 of 384 bytes failed: Only part of a ReadProcessMemory or WriteProcessMemory request was completed. (0x12B)
[0330/212805.671:ERROR:process_memory_win.cc(73)] ReadMemory at 0x7ffbd41eb720 of 512 bytes failed: Only part of a ReadProcessMemory or WriteProcessMemory request was completed. (0x12B)
[0330/212805.671:ERROR:process_memory_win.cc(73)] ReadMemory at 0x7ffbd685c0c4 of 672 bytes failed: Only part of a ReadProcessMemory or WriteProcessMemory request was completed. (0x12B)
[0330/212805.671:ERROR:process_memory_win.cc(73)] ReadMemory at 0x7ffbd685c6c4 of 512 bytes failed: Only part of a ReadProcessMemory or WriteProcessMemory request was completed. (0x12B)
[0330/212805.671:ERROR:process_memory_win.cc(73)] ReadMemory at 0x7ffbd685cb94 of 512 bytes failed: Only part of a ReadProcessMemory or WriteProcessMemory request was completed. (0x12B)
[0330/212805.671:ERROR:process_memory_win.cc(73)] ReadMemory at 0x7ffbd685f9d4 of 512 bytes failed: Only part of a ReadProcessMemory or WriteProcessMemory request was completed. (0x12B)
[0330/212805.671:ERROR:process_memory_win.cc(73)] ReadMemory at 0x7ffbd68ec428 of 18 bytes failed: Only part of a ReadProcessMemory or WriteProcessMemory request was completed. (0x12B)
[0330/212805.672:ERROR:process_memory_win.cc(73)] ReadMemory at 0x7ffbd691f4f8 of 40 bytes failed: Only part of a ReadProcessMemory or WriteProcessMemory request was completed. (0x12B)
[0330/212805.672:ERROR:process_memory_win.cc(73)] ReadMemory at 0x7ffbd691f978 of 48 bytes failed: Only part of a ReadProcessMemory or WriteProcessMemory request was completed. (0x12B)
[0330/212805.672:ERROR:process_memory_win.cc(73)] ReadMemory at 0x7ffbd69253c0 of 64 bytes failed: Only part of a ReadProcessMemory or WriteProcessMemory request was completed. (0x12B)
[0330/212805.674:ERROR:scoped_process_suspend.cc(40)] NtResumeProcess: An attempt was made to access an exiting process. (0xc000010a)
